[    0.000000] Linux version 4.15.0-212-generic (buildd@lcy02-amd64-083) (gcc version 7.5.0 (Ubuntu 7.5.0-3ubuntu1~18.04)) #223-Ubuntu SMP Tue May 23 13:09:22 UTC 2023 (Ubuntu 4.15.0-212.223-generic 4.15.18)
[    0.000000] Command line: BOOT_IMAGE=/boot/vmlinuz-4.15.0-212-generic root=LABEL=cloudimg-rootfs ro console=tty1 console=ttyS0
[    0.000000] KERNEL supported cpus:
[    0.000000]   Intel GenuineIntel
[    0.000000]   AMD AuthenticAMD
[    0.000000]   Centaur CentaurHauls
[    0.000000] x86/fpu: x87 FPU will use FXSAVE
[    0.000000] e820: BIOS-provided physical RAM map:
[    0.000000] BIOS-e820: [mem 0x0000000000000000-0x000000000009fbff] usable
[    0.000000] BIOS-e820: [mem 0x000000000009fc00-0x000000000009ffff] reserved
[    0.000000] BIOS-e820: [mem 0x00000000000f0000-0x00000000000fffff] reserved
[    0.000000] BIOS-e820: [mem 0x0000000000100000-0x000000003ffeffff] usable
[    0.000000] BIOS-e820: [mem 0x000000003fff0000-0x000000003fffffff] ACPI data
[    0.000000] BIOS-e820: [mem 0x00000000fec00000-0x00000000fec00fff] reserved
[    0.000000] BIOS-e820: [mem 0x00000000fee00000-0x00000000fee00fff] reserved
[    0.000000] BIOS-e820: [mem 0x00000000fffc0000-0x00000000ffffffff] reserved
[    0.000000] NX (Execute Disable) protection: active
[    0.000000] SMBIOS 2.5 present.
[    0.000000] DMI: innotek GmbH VirtualBox/VirtualBox, BIOS VirtualBox 12/01/2006
[    0.000000] Hypervisor detected: KVM
[    0.000000] e820: last_pfn = 0x3fff0 max_arch_pfn = 0x400000000
[    0.000000] x86/PAT: Configuration [0-7]: WB  WC  UC- UC  WB  WP  UC- WT  
[    0.000000] CPU MTRRs all blank - virtualized system.
[    0.000000] found SMP MP-table at [mem 0x0009fbf0-0x0009fbff]
[    0.000000] Scanning 1 areas for low memory corruption
[    0.000000] RAMDISK: [mem 0x359cb000-0x36cdcfff]
[    0.000000] ACPI: Early table checksum verification disabled
[    0.000000] ACPI: RSDP 0x00000000000E0000 000024 (v02 VBOX  )
[    0.000000] ACPI: XSDT 0x000000003FFF0030 00003C (v01 VBOX   VBOXXSDT 00000001 ASL  00000061)
[    0.000000] ACPI: FACP 0x000000003FFF00F0 0000F4 (v04 VBOX   VBOXFACP 00000001 ASL  00000061)
[    0.000000] ACPI: DSDT 0x000000003FFF0610 002353 (v02 VBOX   VBOXBIOS 00000002 INTL 20100528)
[    0.000000] ACPI: FACS 0x000000003FFF0200 000040
[    0.000000] ACPI: FACS 0x000000003FFF0200 000040
[    0.000000] ACPI: APIC 0x000000003FFF0240 00005C (v02 VBOX   VBOXAPIC 00000001 ASL  00000061)
[    0.000000] ACPI: SSDT 0x000000003FFF02A0 00036C (v01 VBOX   VBOXCPUT 00000002 INTL 20100528)
[    0.000000] ACPI: Reserving FACP table memory at [mem 0x3fff00f0-0x3fff01e3]
[    0.000000] ACPI: Reserving DSDT table memory at [mem 0x3fff0610-0x3fff2962]
[    0.000000] ACPI: Reserving FACS table memory at [mem 0x3fff0200-0x3fff023f]
[    0.000000] ACPI: Reserving FACS table memory at [mem 0x3fff0200-0x3fff023f]
[    0.000000] ACPI: Reserving APIC table memory at [mem 0x3fff0240-0x3fff029b]
[    0.000000] ACPI: Reserving SSDT table memory at [mem 0x3fff02a0-0x3fff060b]
[    0.000000] No NUMA configuration found
[    0.000000] Faking a node at [mem 0x0000000000000000-0x000000003ffeffff]
[    0.000000] NODE_DATA(0) allocated [mem 0x3ffc5000-0x3ffeffff]
[    0.000000] kvm-clock: cpu 0, msr 0:3ff44001, primary cpu clock
[    0.000000] kvm-clock: Using msrs 4b564d01 and 4b564d00
[    0.000000] kvm-clock: using sched offset of 4365040647 cycles
[    0.000000] clocksource: kvm-clock: mask: 0xffffffffffffffff max_cycles: 0x1cd42e4dffb, max_idle_ns: 881590591483 ns
[    0.000000] Zone ranges:
[    0.000000]   DMA      [mem 0x0000000000001000-0x0000000000ffffff]
[    0.000000]   DMA32    [mem 0x0000000001000000-0x000000003ffeffff]
[    0.000000]   Normal   empty
[    0.000000]   Device   empty
[    0.000000] Movable zone start for each node
[    0.000000] Early memory node ranges
[    0.000000]   node   0: [mem 0x0000000000001000-0x000000000009efff]
[    0.000000]   node   0: [mem 0x0000000000100000-0x000000003ffeffff]
[    0.000000] Reserved but unavailable: 104 pages
[    0.000000] Initmem setup node 0 [mem 0x0000000000001000-0x000000003ffeffff]
[    0.000000] ACPI: PM-Timer IO Port: 0x4008
[    0.000000] IOAPIC[0]: apic_id 2, version 32, address 0xfec00000, GSI 0-23
[    0.000000] ACPI: INT_SRC_OVR (bus 0 bus_irq 0 global_irq 2 dfl dfl)
[    0.000000] ACPI: INT_SRC_OVR (bus 0 bus_irq 9 global_irq 9 low level)
[    0.000000] Using ACPI (MADT) for SMP configuration information
[    0.000000] smpboot: Allowing 2 CPUs, 0 hotplug CPUs
[    0.000000] PM: Registered nosave memory: [mem 0x00000000-0x00000fff]
[    0.000000] PM: Registered nosave memory: [mem 0x0009f000-0x0009ffff]
[    0.000000] PM: Registered nosave memory: [mem 0x000a0000-0x000effff]
[    0.000000] PM: Registered nosave memory: [mem 0x000f0000-0x000fffff]
[    0.000000] e820: [mem 0x40000000-0xfebfffff] available for PCI devices
[    0.000000] Booting paravirtualized kernel on KVM
[    0.000000] clocksource: refined-jiffies: mask: 0xffffffff max_cycles: 0xffffffff, max_idle_ns: 7645519600211568 ns
[    0.000000] setup_percpu: NR_CPUS:8192 nr_cpumask_bits:2 nr_cpu_ids:2 nr_node_ids:1
[    0.000000] percpu: Embedded 50 pages/cpu s167936 r8192 d28672 u1048576
[    0.000000] PV qspinlock hash table entries: 256 (order: 0, 4096 bytes)
[    0.000000] Built 1 zonelists, mobility grouping on.  Total pages: 257913
[    0.000000] Policy zone: DMA32
[    0.000000] Kernel command line: BOOT_IMAGE=/boot/vmlinuz-4.15.0-212-generic root=LABEL=cloudimg-rootfs ro console=tty1 console=ttyS0
[    0.000000] Memory: 982644K/1048120K available (12300K kernel code, 2477K rwdata, 4324K rodata, 2480K init, 2720K bss, 65476K reserved, 0K cma-reserved)
[    0.000000] SLUB: HWalign=64, Order=0-3, MinObjects=0, CPUs=2, Nodes=1
[    0.000000] Kernel/User page tables isolation: enabled
[    0.000000] ftrace: allocating 39508 entries in 155 pages
[    0.004000] Hierarchical RCU implementation.
[    0.004000] 	RCU restricting CPUs from NR_CPUS=8192 to nr_cpu_ids=2.
[    0.004000] 	Tasks RCU enabled.
[    0.004000] RCU: Adjusting geometry for rcu_fanout_leaf=16, nr_cpu_ids=2
[    0.004000] NR_IRQS: 524544, nr_irqs: 440, preallocated irqs: 16
[    0.004000] random: crng init done
[    0.004000] Console: colour VGA+ 80x25
[    0.004000] console [tty1] enabled
[    0.004000] console [ttyS0] enabled
[    0.004000] ACPI: Core revision 20170831
[    0.004000] ACPI: 2 ACPI AML tables successfully acquired and loaded
[    0.004000] APIC: Switch to symmetric I/O mode setup
[    0.004000] ..TIMER: vector=0x30 apic1=0 pin1=2 apic2=-1 pin2=-1
[    0.004000] tsc: Detected 1895.999 MHz processor
[    0.004000] Calibrating delay loop (skipped) preset value.. 3791.99 BogoMIPS (lpj=7583996)
[    0.004008] pid_max: default: 32768 minimum: 301
[    0.008139] Security Framework initialized
[    0.012005] Yama: becoming mindful.
[    0.016169] AppArmor: AppArmor initialized
[    0.029571] Dentry cache hash table entries: 131072 (order: 8, 1048576 bytes)
[    0.038736] Inode-cache hash table entries: 65536 (order: 7, 524288 bytes)
[    0.040135] Mount-cache hash table entries: 2048 (order: 2, 16384 bytes)
[    0.044120] Mountpoint-cache hash table entries: 2048 (order: 2, 16384 bytes)
[    0.054236] Last level iTLB entries: 4KB 64, 2MB 8, 4MB 8
[    0.056007] Last level dTLB entries: 4KB 64, 2MB 0, 4MB 0, 1GB 4
[    0.064008] Spectre V1 : Mitigation: usercopy/swapgs barriers and __user pointer sanitization
[    0.068009] Spectre V2 : Mitigation: Retpolines
[    0.072003] Spectre V2 : Spectre v2 / SpectreRSB mitigation: Filling RSB on context switch
[    0.076005] Spectre V2 : Spectre v2 / SpectreRSB : Filling RSB on VMEXIT
[    0.080007] RETBleed: WARNING: Spectre v2 mitigation leaves CPU vulnerable to RETBleed attacks, data leaks possible!
[    0.084008] RETBleed: Vulnerable
[    0.088004] Speculative Store Bypass: Vulnerable
[    0.096059] MDS: Mitigation: Clear CPU buffers
[    0.100004] MMIO Stale Data: Mitigation: Clear CPU buffers
[    0.104009] SRBDS: Unknown: Dependent on hypervisor status
[    0.108233] Freeing SMP alternatives memory: 36K
[    0.227488] smpboot: CPU0: Intel(R) Core(TM) i5-8350U CPU @ 1.70GHz (family: 0x6, model: 0x8e, stepping: 0xa)
[    0.228635] Performance Events: unsupported p6 CPU model 142 no PMU driver, software events only.
[    0.232195] Hierarchical SRCU implementation.
[    0.241091] NMI watchdog: Perf event create on CPU 0 failed with -2
[    0.244008] NMI watchdog: Perf NMI watchdog permanently disabled
[    0.248533] smp: Bringing up secondary CPUs ...
[    0.253528] x86: Booting SMP configuration:
[    0.256007] .... node  #0, CPUs:      #1
[    0.004000] kvm-clock: cpu 1, msr 0:3ff44041, secondary cpu clock
[    0.276010] smp: Brought up 1 node, 2 CPUs
[    0.280013] smpboot: Max logical packages: 1
[    0.284007] smpboot: Total of 2 processors activated (7583.99 BogoMIPS)
[    0.292849] devtmpfs: initialized
[    0.296135] x86/mm: Memory block size: 128MB
[    0.300603] evm: security.selinux
[    0.304006] evm: security.SMACK64
[    0.308004] evm: security.SMACK64EXEC
[    0.312003] evm: security.SMACK64TRANSMUTE
[    0.316006] evm: security.SMACK64MMAP
[    0.320005] evm: security.apparmor
[    0.324003] evm: security.ima
[    0.327741] evm: security.capability
[    0.332599] clocksource: jiffies: mask: 0xffffffff max_cycles: 0xffffffff, max_idle_ns: 7645041785100000 ns
[    0.336042] futex hash table entries: 512 (order: 3, 32768 bytes)
[    0.344235] pinctrl core: initialized pinctrl subsystem
[    0.352749] RTC time: 11:17:57, date: 06/20/25
[    0.360518] NET: Registered protocol family 16
[    0.364280] audit: initializing netlink subsys (disabled)
[    0.368327] audit: type=2000 audit(1750418282.195:1): state=initialized audit_enabled=0 res=1
[    0.384012] cpuidle: using governor ladder
[    0.388012] cpuidle: using governor menu
[    0.392110] ACPI: bus type PCI registered
[    0.396007] acpiphp: ACPI Hot Plug PCI Controller Driver version: 0.5
[    0.400850] PCI: Using configuration type 1 for base access
[    0.412635] HugeTLB registered 2.00 MiB page size, pre-allocated 0 pages
[    0.424351] ACPI: Added _OSI(Module Device)
[    0.428016] ACPI: Added _OSI(Processor Device)
[    0.432009] ACPI: Added _OSI(3.0 _SCP Extensions)
[    0.436011] ACPI: Added _OSI(Processor Aggregator Device)
[    0.440009] ACPI: Added _OSI(Linux-Dell-Video)
[    0.444009] ACPI: Added _OSI(Linux-Lenovo-NV-HDMI-Audio)
[    0.448012] ACPI: Added _OSI(Linux-HPI-Hybrid-Graphics)
[    0.453288] ACPI: Executed 1 blocks of module-level executable AML code
[    0.466622] ACPI: Interpreter enabled
[    0.468029] ACPI: (supports S0 S5)
[    0.472008] ACPI: Using IOAPIC for interrupt routing
[    0.476663] PCI: Using host bridge windows from ACPI; if necessary, use "pci=nocrs" and report a bug
[    0.480392] ACPI: Enabled 2 GPEs in block 00 to 07
[    0.500791] ACPI: PCI Root Bridge [PCI0] (domain 0000 [bus 00-ff])
[    0.504019] acpi PNP0A03:00: _OSC: OS supports [ASPM ClockPM Segments MSI]
[    0.513212] acpi PNP0A03:00: _OSC: not requesting OS control; OS requires [ExtendedConfig ASPM ClockPM MSI]
[    0.516042] acpi PNP0A03:00: fail to add MMCONFIG information, can't access extended PCI configuration space under this bridge.
[    0.521282] PCI host bridge to bus 0000:00
[    0.524009] pci_bus 0000:00: root bus resource [io  0x0000-0x0cf7 window]
[    0.528011] pci_bus 0000:00: root bus resource [io  0x0d00-0xffff window]
[    0.532011] pci_bus 0000:00: root bus resource [mem 0x000a0000-0x000bffff window]
[    0.536181] pci_bus 0000:00: root bus resource [mem 0x40000000-0xfdffffff window]
[    0.540012] pci_bus 0000:00: root bus resource [bus 00-ff]
[    0.559204] pci 0000:00:01.1: legacy IDE quirk: reg 0x10: [io  0x01f0-0x01f7]
[    0.560010] pci 0000:00:01.1: legacy IDE quirk: reg 0x14: [io  0x03f6]
[    0.564012] pci 0000:00:01.1: legacy IDE quirk: reg 0x18: [io  0x0170-0x0177]
[    0.568008] pci 0000:00:01.1: legacy IDE quirk: reg 0x1c: [io  0x0376]
[    0.609569] pci 0000:00:07.0: quirk: [io  0x4000-0x403f] claimed by PIIX4 ACPI
[    0.612075] pci 0000:00:07.0: quirk: [io  0x4100-0x410f] claimed by PIIX4 SMB
[    0.631343] ACPI: PCI Interrupt Link [LNKA] (IRQs 5 9 10 *11)
[    0.633175] ACPI: PCI Interrupt Link [LNKB] (IRQs 5 9 *10 11)
[    0.636342] ACPI: PCI Interrupt Link [LNKC] (IRQs 5 *9 10 11)
[    0.640362] ACPI: PCI Interrupt Link [LNKD] (IRQs 5 9 10 *11)
[    0.645477] SCSI subsystem initialized
[    0.648408] pci 0000:00:02.0: vgaarb: setting as boot VGA device
[    0.652000] pci 0000:00:02.0: vgaarb: VGA device added: decodes=io+mem,owns=io+mem,locks=none
[    0.652013] pci 0000:00:02.0: vgaarb: bridge control possible
[    0.656008] vgaarb: loaded
[    0.660158] ACPI: bus type USB registered
[    0.664027] usbcore: registered new interface driver usbfs
[    0.668122] usbcore: registered new interface driver hub
[    0.672026] usbcore: registered new device driver usb
[    0.680020] EDAC MC: Ver: 3.0.0
[    0.688416] PCI: Using ACPI for IRQ routing
[    0.696942] NetLabel: Initializing
[    0.700013] NetLabel:  domain hash size = 128
[    0.704010] NetLabel:  protocols = UNLABELED CIPSOv4 CALIPSO
[    0.708038] NetLabel:  unlabeled traffic allowed by default
[    0.716576] clocksource: Switched to clocksource kvm-clock
[    0.728397] VFS: Disk quotas dquot_6.6.0
[    0.728397] VFS: Dquot-cache hash table entries: 512 (order 0, 4096 bytes)
[    0.728397] AppArmor: AppArmor Filesystem Enabled
[    0.728397] pnp: PnP ACPI init
[    0.728397] pnp: PnP ACPI: found 3 devices
[    0.869696] clocksource: acpi_pm: mask: 0xffffff max_cycles: 0xffffff, max_idle_ns: 2085701024 ns
[    0.872677] NET: Registered protocol family 2
[    0.872677] IP idents hash table entries: 16384 (order: 5, 131072 bytes)
[    0.898761] TCP established hash table entries: 8192 (order: 4, 65536 bytes)
[    0.909515] TCP bind hash table entries: 8192 (order: 5, 131072 bytes)
[    0.912894] TCP: Hash tables configured (established 8192 bind 8192)
[    0.912894] UDP hash table entries: 512 (order: 2, 16384 bytes)
[    0.912894] UDP-Lite hash table entries: 512 (order: 2, 16384 bytes)
[    0.912894] NET: Registered protocol family 1
[    0.912894] pci 0000:00:00.0: Limiting direct PCI/PCI transfers
[    0.912894] pci 0000:00:01.0: Activating ISA DMA hang workarounds
[    0.912894] pci 0000:00:02.0: Video device with shadowed ROM at [mem 0x000c0000-0x000dffff]
[    0.912894] Unpacking initramfs...
[    1.660227] Freeing initrd memory: 19528K
[    1.666062] clocksource: tsc: mask: 0xffffffffffffffff max_cycles: 0x36a8d041f91, max_idle_ns: 881590460728 ns
[    1.679039] platform rtc_cmos: registered platform RTC device (no PNP device found)
[    1.689350] Scanning for low memory corruption every 60 seconds
[    1.699913] Initialise system trusted keyrings
[    1.707706] Key type blacklist registered
[    1.714871] workingset: timestamp_bits=36 max_order=18 bucket_order=0
[    1.727894] zbud: loaded
[    1.734577] squashfs: version 4.0 (2009/01/31) Phillip Lougher
[    1.744077] fuse init (API version 7.26)
[    1.778907] Key type asymmetric registered
[    1.786355] Asymmetric key parser 'x509' registered
[    1.793117] Block layer SCSI generic (bsg) driver version 0.4 loaded (major 246)
[    1.803419] io scheduler noop registered
[    1.808999] io scheduler deadline registered
[    1.815700] io scheduler cfq registered (default)
[    1.824001] ACPI: AC Adapter [AC] (on-line)
[    1.829929] input: Power Button as /devices/LNXSYSTM:00/LNXPWRBN:00/input/input0
[    1.840586] ACPI: Power Button [PWRF]
[    1.846316] input: Sleep Button as /devices/LNXSYSTM:00/LNXSLPBN:00/input/input1
[    1.857496] ACPI: Sleep Button [SLPF]
[    1.866474] ACPI: Battery Slot [BAT0] (battery present)
[    1.868285] Serial: 8250/16550 driver, 32 ports, IRQ sharing enabled
[    1.921172] 00:02: ttyS0 at I/O 0x3f8 (irq = 4, base_baud = 115200) is a 16550A
[    1.934406] Linux agpgart interface v0.103
[    1.949412] loop: module loaded
[    1.960770] scsi host0: ata_piix
[    1.967768] scsi host1: ata_piix
[    1.973465] ata1: PATA max UDMA/33 cmd 0x1f0 ctl 0x3f6 bmdma 0xd000 irq 14
[    1.983670] ata2: PATA max UDMA/33 cmd 0x170 ctl 0x376 bmdma 0xd008 irq 15
[    1.993537] tun: Universal TUN/TAP device driver, 1.6
[    2.001860] PPP generic driver version 2.4.2
[    2.010655] ehci_hcd: USB 2.0 'Enhanced' Host Controller (EHCI) Driver
[    2.019576] ehci-pci: EHCI PCI platform driver
[    2.025642] ehci-platform: EHCI generic platform driver
[    2.029510] ohci_hcd: USB 1.1 'Open' Host Controller (OHCI) Driver
[    2.029510] ohci-pci: OHCI PCI platform driver
[    2.029510] ohci-platform: OHCI generic platform driver
[    2.029510] uhci_hcd: USB Universal Host Controller Interface driver
[    2.029510] i8042: PNP: PS/2 Controller [PNP0303:PS2K,PNP0f03:PS2M] at 0x60,0x64 irq 1,12
[    2.029510] serio: i8042 KBD port at 0x60,0x64 irq 1
[    2.029510] serio: i8042 AUX port at 0x60,0x64 irq 12
[    2.089333] mousedev: PS/2 mouse device common for all mice
[    2.101348] rtc_cmos rtc_cmos: rtc core: registered rtc_cmos as rtc0
[    2.111067] rtc_cmos rtc_cmos: alarms up to one day, 114 bytes nvram
[    2.119670] i2c /dev entries driver
[    2.125093] input: AT Translated Set 2 keyboard as /devices/platform/i8042/serio0/input/input2
[    2.136352] device-mapper: uevent: version 1.0.3
[    2.143294] device-mapper: ioctl: 4.37.0-ioctl (2017-09-20) initialised: dm-devel@redhat.com
[    2.224644] ledtrig-cpu: registered to indicate activity on CPUs
[    2.238316] NET: Registered protocol family 10
[    2.262034] Segment Routing with IPv6
[    2.267848] NET: Registered protocol family 17
[    2.274983] Key type dns_resolver registered
[    2.281854] mce: Using 0 MCE banks
[    2.286732] RAS: Correctable Errors collector initialized.
[    2.294648] sched_clock: Marking stable (2294565506, 0)->(3529380754, -1234815248)
[    2.310980] registered taskstats version 1
[    2.317285] Loading compiled-in X.509 certificates
[    2.332936] Loaded X.509 cert 'Build time autogenerated kernel key: b5b26778eaa3ab3a4a6cee031137706e947d12ad'
[    2.346918] Loaded X.509 cert 'Canonical Ltd. Live Patch Signing: 14df34d1a87cf37625abec039ef2bf521249b969'
[    2.361451] Loaded X.509 cert 'Canonical Ltd. Kernel Module Signing: 88f752e560a1e0737e31163a466ad7b70a850c19'
[    2.374354] blacklist: Loading compiled-in revocation X.509 certificates
[    2.383572] Loaded X.509 cert 'Canonical Ltd. Secure Boot Signing: 61482aa2830d0ab2ad5af10b7250da9033ddcef0'
[    2.396007] Loaded X.509 cert 'Canonical Ltd. Secure Boot Signing (2017): 242ade75ac4a15e50d50c84b0d45ff3eae707a03'
[    2.410446] Loaded X.509 cert 'Canonical Ltd. Secure Boot Signing (ESM 2018): 365188c1d374d6b07c3c8f240f8ef722433d6a8b'
[    2.424371] Loaded X.509 cert 'Canonical Ltd. Secure Boot Signing (2019): c0746fd6c5da3ae827864651ad66ae47fe24b3e8'
[    2.437612] Loaded X.509 cert 'Canonical Ltd. Secure Boot Signing (2021 v1): a8d54bbb3825cfb94fa13c9f8a594a195c107b8d'
[    2.451436] Loaded X.509 cert 'Canonical Ltd. Secure Boot Signing (2021 v2): 4cf046892d6fd3c9a5b03f98d845f90851dc6a8c'
[    2.466334] Loaded X.509 cert 'Canonical Ltd. Secure Boot Signing (2021 v3): 100437bb6de6e469b581e61cd66bce3ef4ed53af'
[    2.483678] Loaded X.509 cert 'Canonical Ltd. Secure Boot Signing (Ubuntu Core 2019): c1d57b8f6b743f23ee41f4f7ee292f06eecadfb9'
[    2.500170] zswap: loaded using pool lzo/zbud
[    2.528829] Key type big_key registered
[    2.535084] Key type trusted registered
[    2.548275] Key type encrypted registered
[    2.554383] AppArmor: AppArmor sha1 policy hashing enabled
[    2.563204] ima: No TPM chip found, activating TPM-bypass! (rc=-19)
[    2.573443] ima: Allocated hash algorithm: sha1
[    2.580583] evm: HMAC attrs: 0x1
[    2.586556]   Magic number: 13:388:277
[    2.592632] tty tty14: hash matches
[    2.599322] rtc_cmos rtc_cmos: setting system clock to 2025-06-20 11:18:00 UTC (1750418280)
[    2.611405] BIOS EDD facility v0.16 2004-Jun-25, 0 devices found
[    2.620228] EDD information not available.
[    2.632209] Freeing unused kernel image memory: 2480K
[    2.664507] Write protecting the kernel read-only data: 20480k
[    2.676740] Freeing unused kernel image memory: 2008K
[    2.685142] Freeing unused kernel image memory: 1820K
[    2.703804] x86/mm: Checked W+X mappings: passed, no W+X pages found.
[    2.714478] x86/mm: Checking user space page tables
[    2.731368] x86/mm: Checked W+X mappings: passed, no W+X pages found.
Loading, please wait...
starting version 237
[    2.890660] e1000: Intel(R) PRO/1000 Network Driver - version 7.3.21-k8-NAPI
[    2.903069] e1000: Copyright (c) 1999-2006 Intel Corporation.
[    2.947520] Fusion MPT base driver 3.04.20
[    2.955203] Copyright (c) 1999-2008 LSI Corporation
[    2.975719] SSE version of gcm_enc/dec engaged.
[    3.013534] Fusion MPT SPI Host driver 3.04.20
[    3.234388] input: ImExPS/2 Generic Explorer Mouse as /devices/platform/i8042/serio1/input/input4
[    3.917781] e1000 0000:00:03.0 eth0: (PCI:33MHz:32-bit) 02:3b:7b:b7:3b:2d
[    3.927638] e1000 0000:00:03.0 eth0: Intel(R) PRO/1000 Network Connection
[    3.941261] mptbase: ioc0: Initiating bringup
[    3.941450] e1000 0000:00:03.0 enp0s3: renamed from eth0
[    4.070058] ioc0: LSI53C1030 A0: Capabilities={Initiator}
[    4.345724] scsi host2: ioc0: LSI53C1030 A0, FwRev=00000000h, Ports=1, MaxQ=256, IRQ=20
[    4.531797] scsi 2:0:0:0: Direct-Access     VBOX     HARDDISK         1.0  PQ: 0 ANSI: 5
[    4.834372] scsi target2:0:0: Beginning Domain Validation
[    4.855508] scsi target2:0:0: Domain Validation skipping write tests
[    4.866024] scsi target2:0:0: Ending Domain Validation
[    4.873735] scsi target2:0:0: asynchronous
[    4.883272] scsi 2:0:1:0: Direct-Access     VBOX     HARDDISK         1.0  PQ: 0 ANSI: 5
[    5.088013] scsi target2:0:1: Beginning Domain Validation
[    5.108035] scsi target2:0:1: Domain Validation skipping write tests
[    5.118347] scsi target2:0:1: Ending Domain Validation
[    5.126504] scsi target2:0:1: asynchronous
[    5.154496] sd 2:0:0:0: Attached scsi generic sg0 type 0
[    5.155451] sd 2:0:0:0: [sda] 83886080 512-byte logical blocks: (42.9 GB/40.0 GiB)
[    5.174976] sd 2:0:0:0: [sda] Write Protect is off
[    5.184964] sd 2:0:1:0: Attached scsi generic sg1 type 0
[    5.185213] sd 2:0:0:0: [sda] Incomplete mode parameter data
[    5.203351] sd 2:0:0:0: [sda] Assuming drive cache: write through
[    5.213086] sd 2:0:1:0: [sdb] 20480 512-byte logical blocks: (10.5 MB/10.0 MiB)
[    5.226379] sd 2:0:1:0: [sdb] Write Protect is off
[    5.234307] sd 2:0:1:0: [sdb] Incomplete mode parameter data
[    5.244105] sd 2:0:1:0: [sdb] Assuming drive cache: write through
[    5.267294]  sda: sda1
[    5.279236] sd 2:0:0:0: [sda] Attached SCSI disk
[    5.292201] sd 2:0:1:0: [sdb] Attached SCSI disk
Begin: Loading essential drivers ... [    7.505400] raid6: sse2x1   gen() 49989 MB/s
[    9.503119] raid6: sse2x1   xor() 176921 MB/s
[   11.508317] raid6: sse2x2   gen() 294813 MB/s
[   12.557377] raid6: sse2x2   xor() 10298 MB/s
[   12.629754] raid6: sse2x4   gen() 16725 MB/s
[   12.691975] raid6: sse2x4   xor() 10507 MB/s
[   12.699040] raid6: using algorithm sse2x2 gen() 294813 MB/s
[   12.708122] raid6: .... xor() 10298 MB/s, rmw enabled
[   12.715777] raid6: using ssse3x2 recovery algorithm
[   12.727943] xor: measuring software checksum speed
[   12.772483]    prefetch64-sse: 14817.000 MB/sec
[   12.817018]    generic_sse: 18078.000 MB/sec
[   12.823722] xor: using function: generic_sse (18078.000 MB/sec)
[   12.835076] async_tx: api initialized (async)
done.
Begin: Running /scripts/init-premount ... done.
Begin: Mounting root file system ... Begin: Running /scripts/local-top ... done.
Begin: Running /scripts/local-premount ... [   12.936542] Btrfs loaded, crc32c=crc32c-intel
Scanning for Btrfs filesystems
done.
Warning: fsck not present, so skipping root file system
[   13.021435] EXT4-fs (sda1): mounted filesystem with ordered data mode. Opts: (null)
done.
Begin: Running /scripts/local-bottom ... done.
Begin: Running /scripts/init-bottom ... done.
[   13.373223] ip_tables: (C) 2000-2006 Netfilter Core Team
[   13.406435] systemd[1]: systemd 237 running in system mode. (+PAM +AUDIT +SELINUX +IMA +APPARMOR +SMACK +SYSVINIT +UTMP +LIBCRYPTSETUP +GCRYPT +GNUTLS +ACL +XZ +LZ4 +SECCOMP +BLKID +ELFUTILS +KMOD -IDN2 +IDN -PCRE2 default-hierarchy=hybrid)
[   13.431748] systemd[1]: Detected virtualization oracle.
[   13.438854] systemd[1]: Detected architecture x86-64.

Welcome to [1mUbuntu 18.04.6 LTS[0m!

[   13.486857] systemd[1]: Set hostname to <ubuntu>.
[   13.500290] systemd[1]: Initializing machine ID from random generator.
[   13.510050] systemd[1]: Installed transient /etc/machine-id file.
[   14.065077] systemd[1]: Reached target Swap.
[[0;32m  OK  [0m] Reached target Swap.
[   14.074402] systemd[1]: Started Forward Password Requests to Wall Directory Watch.
[[0;32m  OK  [0m] Started Forward Password Requests to Wall Directory Watch.
[   14.089467] systemd[1]: Reached target User and Group Name Lookups.
[[0;32m  OK  [0m] Reached target User and Group Name Lookups.
[   14.125015] systemd[1]: Created slice User and Session Slice.
[[0;32m  OK  [0m] Created slice User and Session Slice.
[[0;32m  OK  [0m] Reached target Mounting snaps.
[[0;32m  OK  [0m] Reached target Mounted snaps.
[[0;32m  OK  [0m] Created slice System Slice.
[[0;32m  OK  [0m] Listening on fsck to fsckd communication Socket.
[[0;32m  OK  [0m] Listening on Syslog Socket.
[[0;32m  OK  [0m] Listening on Journal Socket.
[[0;32m  OK  [0m] Listening on udev Control Socket.
         Mounting Kernel Debug File System...
[[0;32m  OK  [0m] Reached target Slices.
[[0;32m  OK  [0m] Created slice system-serial\x2dgetty.slice.
         Starting File System Check on Root Device...
[[0;32m  OK  [0m] Listening on LVM2 metadata daemon socket.
[[0;32m  OK  [0m] Listening on Network Service Netlink Socket.
         Starting Set the console keyboard layout...
         Starting Load Kernel Modules...
[[0;32m  OK  [0m] Listening on Device-mapper event daemon FIFOs.
[[0;32m  OK  [0m] Listening on LVM2 poll daemon socket.
[[0;32m  OK  [0m] Listening on /dev/initctl Compatibility Named Pipe.
[[0;32m  OK  [0m] Listening on Journal Socket (/dev/log).
         Starting Create list of required st…ce nodes for the current kernel...
[   14.327048] Loading iSCSI transport class v2.0-870.
         Starting Uncomplicated firewall...
         Mounting Huge Pages File System...
         Starting Monitoring of LVM2 mirrors…ng dmeventd or progress polling...
         Mounting POSIX Message Queue File System...
[[0;32m  OK  [0m] Set up automount Arbitrary Executab…rmats File System Automount Point.
[   14.393710] iscsi: registered transport (tcp)
[[0;32m  OK  [0m] Listening on Journal Audit Socket.
         Starting Journal Service...
[[0;32m  OK  [0m] Reached target System Time Synchronized.
[[0;32m  OK  [0m] Listening on udev Kernel Socket.
         Starting udev Coldplug all Devices...
[[0;32m  OK  [0m] Mounted Kernel Debug File System.
[[0;32m  OK  [0m] Started File System Check on Root Device.
[[0;32m  OK  [0m] Started Create list of required sta…vice nodes for the current kernel.
[[0;32m  OK  [0m] Started Uncomplicated firewall.
[[0;32m  OK  [0m] Mounted Huge Pages File System.
[[0;32m  OK  [0m] Mounted POSIX Message Queue File System.
[[0;32m  OK  [0m] Started LVM2 metadata daemon.
[[0;32m  OK  [0m] Started File System Check Daemon to report status.
         Starting Create Static Device Nodes in /dev...
         Starting Remount Root and Kernel File Systems...
[[0;32m  OK  [0m] Started Journal Service.
[   14.823532] iscsi: registered transport (iser)
[[0;32m  OK  [0m] Started udev Coldplug all Devices.
[[0;32m  OK  [0m] Started Load Kernel Modules.
         Starting Apply Kernel Variables...
[   14.861282] EXT4-fs (sda1): re-mounted. Opts: (null)
         Mounting FUSE Control File System...
         Mounting Kernel Configuration File System...
[[0;32m  OK  [0m] Mounted FUSE Control File System.
[[0;32m  OK  [0m] Started Remount Root and Kernel File Systems.
[[0;32m  OK  [0m] Mounted Kernel Configuration File System.
         Starting Load/Save Random Seed...
         Starting Flush Journal to Persistent Storage...
[[0;32m  OK  [0m] Started Monitoring of LVM2 mirrors,…sing dmeventd or progress polling.
[[0;32m  OK  [0m] Started Load/Save Random Seed.
[[0;32m  OK  [0m] Started Apply Kernel Variables.
[[0;32m  OK  [0m] Started Create Static Device Nodes in /dev.
         Starting udev Kernel Device Manager...
[[0;32m  OK  [0m] Started Flush Journal to Persistent Storage.
[[0;32m  OK  [0m] Started udev Kernel Device Manager.
[[0;32m  OK  [0m] Found device /dev/ttyS0.
[[0;32m  OK  [0m] Listening on Load/Save RF Kill Switch Status /dev/rfkill Watch.
[[0;32m  OK  [0m] Started Set the console keyboard layout.
[[0;32m  OK  [0m] Started Dispatch Password Requests to Console Directory Watch.
[[0;32m  OK  [0m] Reached target Local Encrypted Volumes.
[[0;32m  OK  [0m] Reached target Local File Systems (Pre).
[[0;32m  OK  [0m] Reached target Local File Systems.
         Starting ebtables ruleset management...
         Starting Commit a transient machine-id on disk...
         Starting Set console font and keymap...
         Starting Create Volatile Files and Directories...
         Starting AppArmor initialization...
         Starting Tell Plymouth To Write Out Runtime Data...
[[0;32m  OK  [0m] Started Commit a transient machine-id on disk.
[[0;32m  OK  [0m] Started Create Volatile Files and Directories.
         Mounting Arbitrary Executable File Formats File System...
         Starting Update UTMP about System Boot/Shutdown...
[[0;32m  OK  [0m] Started Tell Plymouth To Write Out Runtime Data.
[[0;32m  OK  [0m] Started Update UTMP about System Boot/Shutdown.
[[0;32m  OK  [0m] Mounted Arbitrary Executable File Formats File System.
[[0;32m  OK  [0m] Started ebtables ruleset management.
[[0;32m  OK  [0m] Started AppArmor initialization.
         Starting Initial cloud-init job (pre-networking)...
         Starting Load AppArmor profiles managed internally by snapd...
[[0;32m  OK  [0m] Started Load AppArmor profiles managed internally by snapd.
[[0;32m  OK  [0m] Started Set console font and keymap.
[   23.096687] cloud-init[756]: Cloud-init v. 23.1.2-0ubuntu0~18.04.1 running 'init-local' at Fri, 20 Jun 2025 11:18:20 +0000. Up 22.57 seconds.
[[0;32m  OK  [0m] Started Initial cloud-init job (pre-networking).
[[0;32m  OK  [0m] Reached target Network (Pre).
         Starting Network Service...
[[0;32m  OK  [0m] Started Network Service.
         Starting Network Name Resolution...
         Starting Wait for Network to be Configured...
[[0;32m  OK  [0m] Started Network Name Resolution.
[[0;32m  OK  [0m] Reached target Network.
[[0;32m  OK  [0m] Reached target Host and Network Name Lookups.
[[0;32m  OK  [0m] Started Wait for Network to be Configured.
         Starting Initial cloud-init job (metadata service crawler)...
[   25.123663] cloud-init[914]: Cloud-init v. 23.1.2-0ubuntu0~18.04.1 running 'init' at Fri, 20 Jun 2025 11:18:22 +0000. Up 24.96 seconds.
[   25.129351] cloud-init[914]: ci-info: +++++++++++++++++++++++++++++++++++++++++++Net device info++++++++++++++++++++++++++++++++++++++++++++
[   25.145005] cloud-init[914]: ci-info: +--------+------+---------------------------------------+---------------+--------+-------------------+
[   25.150349] cloud-init[914]: ci-info: | Device |  Up  |                Address                |      Mask     | Scope  |     Hw-Address    |
[   25.155581] cloud-init[914]: ci-info: +--------+------+---------------------------------------+---------------+--------+-------------------+
[   25.161396] cloud-init[914]: ci-info: | enp0s3 | True |               10.0.2.15               | 255.255.255.0 | global | 02:3b:7b:b7:3b:2d |
[   25.177180] cloud-init[914]: ci-info: | enp0s3 | True | fd17:625c:f037:2:3b:7bff:feb7:3b2d/64 |       .       | global | 02:3b:7b:b7:3b:2d |
[   25.187482] cloud-init[914]: ci-info: | enp0s3 | True |       fe80::3b:7bff:feb7:3b2d/64      |       .       |  link  | 02:3b:7b:b7:3b:2d |
[   25.197201] cloud-init[914]: ci-info: |   lo   | True |               127.0.0.1               |   255.0.0.0   |  host  |         .         |
[   25.206048] cloud-init[914]: ci-info: |   lo   | True |                ::1/128                |       .       |  host  |         .         |
[   25.216091] cloud-init[914]: ci-info: +--------+------+---------------------------------------+---------------+--------+-------------------+
[   25.226655] cloud-init[914]: ci-info: ++++++++++++++++++++++++++++Route IPv4 info+++++++++++++++++++++++++++++
[   25.235841] cloud-init[914]: ci-info: +-------+-------------+----------+-----------------+-----------+-------+
[   25.244835] cloud-init[914]: ci-info: | Route | Destination | Gateway  |     Genmask     | Interface | Flags |
[   25.253776] cloud-init[914]: ci-info: +-------+-------------+----------+-----------------+-----------+-------+
[   25.263381] cloud-init[914]: ci-info: |   0   |   0.0.0.0   | 10.0.2.2 |     0.0.0.0     |   enp0s3  |   UG  |
[   25.273306] cloud-init[914]: ci-info: |   1   |   10.0.2.0  | 0.0.0.0  |  255.255.255.0  |   enp0s3  |   U   |
[   25.283231] cloud-init[914]: ci-info: |   2   |   10.0.2.2  | 0.0.0.0  | 255.255.255.255 |   enp0s3  |   UH  |
[   25.291976] cloud-init[914]: ci-info: +-------+-------------+----------+-----------------+-----------+-------+
[   25.302313] cloud-init[914]: ci-info: ++++++++++++++++++++++++Route IPv6 info++++++++++++++++++++++++
[   25.314752] cloud-init[914]: ci-info: +-------+-----------------------+---------+-----------+-------+
[   25.323286] cloud-init[914]: ci-info: | Route |      Destination      | Gateway | Interface | Flags |
[   25.332048] cloud-init[914]: ci-info: +-------+-----------------------+---------+-----------+-------+
[   25.343948] cloud-init[914]: ci-info: |   1   | fd17:625c:f037:2::/64 |    ::   |   enp0s3  |   U   |
[   25.353033] cloud-init[914]: ci-info: |   2   |       fe80::/64       |    ::   |   enp0s3  |   U   |
[   25.361432] cloud-init[914]: ci-info: |   3   |          ::/0         | fe80::2 |   enp0s3  |   UG  |
[   25.369410] cloud-init[914]: ci-info: |   5   |         local         |    ::   |   enp0s3  |   U   |
[   25.380956] cloud-init[914]: ci-info: |   6   |        ff00::/8       |    ::   |   enp0s3  |   U   |
[   25.391689] cloud-init[914]: ci-info: +-------+-----------------------+---------+-----------+-------+
[   26.555818] cloud-init[914]: Generating public/private rsa key pair.
[   26.560919] cloud-init[914]: Your identification has been saved in /etc/ssh/ssh_host_rsa_key.
[   26.567045] cloud-init[914]: Your public key has been saved in /etc/ssh/ssh_host_rsa_key.pub.
[   26.572804] cloud-init[914]: The key fingerprint is:
[   26.576130] cloud-init[914]: SHA256:f5uOkdOA9QRGKZWZ+olCoSByo+iPg6syy0ThtFjRm3I root@ubuntu-bionic
[   26.582646] cloud-init[914]: The key's randomart image is:
[   26.586632] cloud-init[914]: +---[RSA 2048]----+
[   26.590914] cloud-init[914]: |  ..     o==     |
[   26.595074] cloud-init[914]: |o +.. . ..=.     |
[   26.599645] cloud-init[914]: |o*.o + . o. .    |
[   26.603327] cloud-init[914]: |*.+ E . .o o     |
[   26.607649] cloud-init[914]: |o+ o .  So...    |
[   26.611849] cloud-init[914]: |..    . ..o+     |
[   26.617517] cloud-init[914]: |..o    .  = o    |
[   26.622892] cloud-init[914]: |*o .       = o   |
[   26.632736] cloud-init[914]: |*=.       ..+    |
[   26.642188] cloud-init[914]: +----[SHA256]-----+
[   26.651671] cloud-init[914]: Generating public/private dsa key pair.
[   26.664953] cloud-init[914]: Your identification has been saved in /etc/ssh/ssh_host_dsa_key.
[   26.677382] cloud-init[914]: Your public key has been saved in /etc/ssh/ssh_host_dsa_key.pub.
[   26.691612] cloud-init[914]: The key fingerprint is:
[   26.702127] cloud-init[914]: SHA256:XLu6izLl+DtM6be86honl7rEgxnlDZ5EEtyWJYmNNhg root@ubuntu-bionic
[   26.714898] cloud-init[914]: The key's randomart image is:
[   26.727079] cloud-init[914]: +---[DSA 1024]----+
[   26.736730] [[0;32m  OK  [0mcloud-init[914]: |E+o*o+.          |
[   26.742824] cloud-init[914]: |. *o*.           |
[   26.743963] cloud-init[914]: | . o+     .      |
[   26.747583] cloud-init[914]: |   = + . . .     |
[   26.749406] cloud-init[914]: |  . + ..S .      |
[   26.750077] cloud-init[914]: |   =  +.   .     |
[   26.750773] cloud-init[914]: |  o *B+   .      |
[   26.751503] cloud-init[914]: |   .+B=o..       |
[   26.753295] cloud-init[914]: |    +B*=B=       |
[   26.753982] cloud-init[914]: +----[SHA256]-----+
[   26.754709] cloud-init[914]: Generating public/private ecdsa key pair.
[   26.758467] cloud-init[914]: Your identification has been saved in /etc/ssh/ssh_host_ecdsa_key.
[   26.759259] cloud-init[914]: Your public key has been saved in /etc/ssh/ssh_host_ecdsa_key.pub.
[   26.759981] cloud-init[914]: The key fingerprint is:
[   26.761558] cloud-init[914]: SHA256:JOSZoQ3OnjYqR+uvmHVf08VB+At/JeG1SbCXn5xd4yA root@ubuntu-bionic
[   26.762492] cloud-init[914]: The key's randomart image is:
[   26.763277] cloud-init[914]: +---[ECDSA 256]---+
[   26.765191] cloud-init[914]: |    . o    ....  |
[   26.767569] cloud-init[914]: |   o * +  ..  o.o|
[   26.769407] cloud-init[914]: |    + * .  E.+.*+|
[   26.770348] cloud-init[914]: |   . . o  ..o.BoO|
[   26.771127] cloud-init[914]: |  . =   S  oo. Bo|
[   26.771961] cloud-init[914]: | . + .   . .o .  |
[   26.773788] cloud-init[914]: |. = .   o .  .   |
[   26.774719] cloud-init[914]: | B . . . .       |
[   26.777638] cloud-init[914]: |o oo. .          |
[   26.779344] cloud-init[914]: +----[SHA256]-----+
[   26.780138] cloud-init[914]: Generating public/private ed25519 key pair.
[   26.781109] cloud-init[914]: Your identification has been saved in /etc/ssh/ssh_host_ed25519_key.
[   26.781921] cloud-init[914]: Your public key has been saved in /etc/ssh/ssh_host_ed25519_key.pub.
[   26.782869] cloud-init[914]: The key fingerprint is:
[   26.783705] cloud-init[914]: SHA256:8OGs7qEUnuglJY3B7TvLb+vX0efFD3Lp4LClPEnnLJ0 root@ubuntu-bionic
[   26.785572] cloud-init[914]: The key's randomart image is:
[   26.788014] cloud-init[914]: +--[ED25519 256]--+
[   26.789697] cloud-init[914]: |                 |
[   26.791227] cloud-init[914]: | . .             |
[   26.791850] cloud-init[914]: |  o . . .        |
[   26.793723] cloud-init[914]: |   =   = .       |
[   26.795496] cloud-init[914]: |  o =   S  .   o |
[   26.797386] cloud-init[914]: |   = + .  + * = o|
[   26.798270] cloud-init[914]: |  o B o  + & O o.|
[   26.799034] cloud-init[914]: | . = =... O E o .|
[   26.799762] cloud-init[914]: |  . +=*o   o     |
[   26.801572] cloud-init[914]: +----[SHA256]-----+
] Started Initial cloud-init job (metadata service crawler).
[[0;32m  OK  [0m] Reached target Network is Online.
[[0;32m  OK  [0m] Reached target Remote File Systems (Pre).
[[0;32m  OK  [0m] Reached target Remote File Systems.
         Starting Availability of block devices...
[[0;32m  OK  [0m] Reached target Cloud-config availability.
[[0;32m  OK  [0m] Reached target System Initialization.
[[0;32m  OK  [0m] Listening on Open-iSCSI iscsid Socket.
         Starting LXD - unix socket.
[[0;32m  OK  [0m] Started Discard unused blocks once a week.
[[0;32m  OK  [0m] Listening on ACPID Listen Socket.
         Starting Socket activation for snappy daemon.
[[0;32m  OK  [0m] Started Daily Cleanup of Temporary Directories.
[[0;32m  OK  [0m] Started Ubuntu Advantage Timer for running repeated jobs.
[[0;32m  OK  [0m] Started Daily apt download activities.
[[0;32m  OK  [0m] Started Daily apt upgrade and clean activities.
[[0;32m  OK  [0m] Listening on UUID daemon activation socket.
[[0;32m  OK  [0m] Listening on cloud-init hotplug hook socket.
[[0;32m  OK  [0m] Started Message of the Day.
[[0;32m  OK  [0m] Reached target Timers.
[[0;32m  OK  [0m] Started ACPI Events Check.
[[0;32m  OK  [0m] Reached target Paths.
[[0;32m  OK  [0m] Listening on D-Bus System Message Bus Socket.
[[0;32m  OK  [0m] Started Availability of block devices.
[[0;32m  OK  [0m] Listening on LXD - unix socket.
[[0;32m  OK  [0m] Listening on Socket activation for snappy daemon.
[[0;32m  OK  [0m] Reached target Sockets.
[[0;32m  OK  [0m] Reached target Basic System.
         Starting Permit User Sessions...
[[0;32m  OK  [0m] Reached target Login Prompts (Pre).
[[0;32m  OK  [0m] Started D-Bus System Message Bus.
         Starting Snap Daemon...
[[0;32m  OK  [0m] Started irqbalance daemon.
         Starting Login Service...
         Starting LSB: Record successful boot for GRUB...
[[0;32m  OK  [0m] Started Deferred execution scheduler.
         Starting Virtualbox guest utils...
         Starting System Logging Service...
         Starting LSB: automatic crash report generation...
         Starting Accounts Service...
[[0;32m  OK  [0m] Started Regular background program processing daemon.
         Starting Dispatcher daemon for systemd-networkd...
         Starting Pollinate to seed the pseudo random number generator...
         Starting LXD - container startup/shutdown...
[[0;32m  OK  [0m] Started FUSE filesystem for LXC.
[[0;32m  OK  [0m] Started System Logging Service.
[[0;32m  OK  [0m] Started Permit User Sessions.
[[0;32m  OK  [0m] Started Login Service.
[[0;32m  OK  [0m] Started LSB: automatic crash report generation.
         Starting Authorization Manager...
[[0;32m  OK  [0m] Started Unattended Upgrades Shutdown.
         Starting Hostname Service...
         Starting Hold until boot process finishes up...
         Starting Terminate Plymouth Boot Screen...
[[0;32m  OK  [0m] Started LSB: Record successful boot for GRUB.
[[0;32m  OK  [0m] Started Hold until boot process finishes up.
         Starting Set console scheme...
[[0;32m  OK  [0m] Started Serial Getty on ttyS0.
[[0;32m  OK  [0m] Started Terminate Plymouth Boot Screen.
[[0;32m  OK  [0m] Started Set console scheme.
[[0;32m  OK  [0m] Created slice system-getty.slice.
[[0;32m  OK  [0m] Started Getty on tty1.
[[0;32m  OK  [0m] Reached target Login Prompts.
[[0;32m  OK  [0m] Started Authorization Manager.
[[0;32m  OK  [0m] Started Accounts Service.
[[0;32m  OK  [0m] Started Hostname Service.
[[0;32m  OK  [0m] Started Virtualbox guest utils.
[[0;32m  OK  [0m] Started LXD - container startup/shutdown.
[[0;32m  OK  [0m] Started Dispatcher daemon for systemd-networkd.
[[0;32m  OK  [0m] Started Snap Daemon.
         Starting Wait until snapd is fully seeded...
[[0;32m  OK  [0m] Started Pollinate to seed the pseudo random number generator.
         Starting OpenBSD Secure Shell server...
[[0;32m  OK  [0m] Started OpenBSD Secure Shell server.
[[0;32m  OK  [0m] Created slice User Slice of vagrant.
         Starting User Manager for UID 1000...
[[0;32m  OK  [0m] Started Session 1 of user vagrant.
[[0;32m  OK  [0m] Started User Manager for UID 1000.
         Starting Time & Date Service...
[[0;32m  OK  [0m] Started Time & Date Service.

Ubuntu 18.04.6 LTS ubuntu-bionic ttyS0

ubuntu-bionic login: [   37.121690] cloud-init[1524]: Cloud-init v. 23.1.2-0ubuntu0~18.04.1 running 'modules:config' at Fri, 20 Jun 2025 11:18:34 +0000. Up 36.39 seconds.
ci-info: no authorized SSH keys fingerprints found for user ubuntu.
<14>Jun 20 11:18:36 cloud-init: #############################################################
<14>Jun 20 11:18:36 cloud-init: -----BEGIN SSH HOST KEY FINGERPRINTS-----
<14>Jun 20 11:18:36 cloud-init: 1024 SHA256:XLu6izLl+DtM6be86honl7rEgxnlDZ5EEtyWJYmNNhg root@ubuntu-bionic (DSA)
<14>Jun 20 11:18:36 cloud-init: 256 SHA256:JOSZoQ3OnjYqR+uvmHVf08VB+At/JeG1SbCXn5xd4yA root@ubuntu-bionic (ECDSA)
<14>Jun 20 11:18:36 cloud-init: 256 SHA256:8OGs7qEUnuglJY3B7TvLb+vX0efFD3Lp4LClPEnnLJ0 root@ubuntu-bionic (ED25519)
<14>Jun 20 11:18:36 cloud-init: 2048 SHA256:f5uOkdOA9QRGKZWZ+olCoSByo+iPg6syy0ThtFjRm3I root@ubuntu-bionic (RSA)
<14>Jun 20 11:18:36 cloud-init: -----END SSH HOST KEY FINGERPRINTS-----
<14>Jun 20 11:18:36 cloud-init: #############################################################
-----BEGIN SSH HOST KEY KEYS-----
ecdsa-sha2-nistp256 AAAAE2VjZHNhLXNoYTItbmlzdHAyNTYAAAAIbmlzdHAyNTYAAABBBCwguVF0Mw1i5icrWsaor/vQCQ/wcoTcmqeN3kmfZJOAIb094bu7REMJ+CqjLD05JK+fts9rZjKhd4mOd8WVX7A= root@ubuntu-bionic
ssh-ed25519 AAAAC3NzaC1lZDI1NTE5AAAAIIayD0IMqGVk5zjy5dtxex/QDdPA/1TioD6H9Dpj8vBG root@ubuntu-bionic
ssh-rsa AAAAB3NzaC1yc2EAAAADAQABAAABAQDA6o2v1OhIjt4LxjNcek/5uhlBge6Nc485vKxI40vQG6wemhljWTJRa2zDAme6OH+x2fP3xiC95Xe/VMvnuvbWX2ARrf7IM4TaaISHMfVi2Y9Lle5VLkjkSOvPWeCD0sM22NQiWr+BAHUGHJtT2rvULybpkD87MbhVCZN0wySs3iid/yHs41sLOgUDG7pmd3+B8uZNysAwrVWjITzM6lzTHKLH3LD+kdY1c9j0p0lMOvtYFNS0h7smQ+84g9UAvPwbkBERRryClvO2hwd/vSgWw14kWDuDcNMfeq/JgxFwi8IBawwoPnWNXCWHU2apbXeMZdcIkHXcjlF51J/5IxQ/ root@ubuntu-bionic
-----END SSH HOST KEY KEYS-----
[   38.451208] cloud-init[1651]: Cloud-init v. 23.1.2-0ubuntu0~18.04.1 running 'modules:final' at Fri, 20 Jun 2025 11:18:35 +0000. Up 38.01 seconds.
[   38.476107] cloud-init[1651]: Cloud-init v. 23.1.2-0ubuntu0~18.04.1 finished at Fri, 20 Jun 2025 11:18:36 +0000. Datasource DataSourceNoCloud [seed=/dev/sdb][dsmode=net].  Up 38.37 seconds
